2025-08-01 00:05:15,937 [INFO] org.practice.SpringRestdemo.SpringRestdemoApplication [main] Starting SpringRestdemoApplication using Java 17.0.13 with PID 26516 (C:\Amulya\Photo Album React App\Backend\target\classes started by Phani in C:\Amulya\Photo Album React App\Backend)
2025-08-01 00:05:15,949 [INFO] org.practice.SpringRestdemo.SpringRestdemoApplication [main] No active profile set, falling back to 1 default profile: "default"
2025-08-01 00:05:17,541 [INFO] org.springframework.data.repository.config.RepositoryConfigurationDelegate [main] Bootstrapping Spring Data JPA repositories in DEFAULT mode.
2025-08-01 00:05:17,702 [INFO] org.springframework.data.repository.config.RepositoryConfigurationDelegate [main] Finished Spring Data repository scanning in 147 ms. Found 3 JPA repository interfaces.
2025-08-01 00:05:18,912 [INFO] org.springframework.boot.web.embedded.tomcat.TomcatWebServer [main] Tomcat initialized with port(s): 8080 (http)
2025-08-01 00:05:18,936 [INFO] org.apache.catalina.core.StandardService [main] Starting service [Tomcat]
2025-08-01 00:05:18,936 [INFO] org.apache.catalina.core.StandardEngine [main] Starting Servlet engine: [Apache Tomcat/10.1.4]
2025-08-01 00:05:19,142 [INFO] org.apache.catalina.core.ContainerBase.[Tomcat].[localhost].[/] [main] Initializing Spring embedded WebApplicationContext
2025-08-01 00:05:19,143 [INFO] org.springframework.boot.web.servlet.context.ServletWebServerApplicationContext [main] Root WebApplicationContext: initialization completed in 3108 ms
2025-08-01 00:05:19,197 [INFO] com.zaxxer.hikari.HikariDataSource [main] HikariPool-1 - Starting...
2025-08-01 00:05:19,617 [INFO] com.zaxxer.hikari.pool.HikariPool [main] HikariPool-1 - Added connection conn0: url=jdbc:h2:file:./db/blogdb user=ADMIN
2025-08-01 00:05:19,620 [INFO] com.zaxxer.hikari.HikariDataSource [main] HikariPool-1 - Start completed.
2025-08-01 00:05:19,645 [INFO] org.springframework.boot.autoconfigure.h2.H2ConsoleAutoConfiguration [main] H2 console available at '/db-console'. Database available at 'jdbc:h2:file:./db/blogdb'
2025-08-01 00:05:19,919 [INFO] org.hibernate.jpa.internal.util.LogHelper [main] HHH000204: Processing PersistenceUnitInfo [name: default]
2025-08-01 00:05:20,023 [INFO] org.hibernate.Version [main] HHH000412: Hibernate ORM core version 6.1.6.Final
2025-08-01 00:05:20,381 [WARN] org.hibernate.orm.deprecation [main] HHH90000021: Encountered deprecated setting [javax.persistence.sharedCache.mode], use [jakarta.persistence.sharedCache.mode] instead
2025-08-01 00:05:20,672 [INFO] SQL dialect [main] HHH000400: Using dialect: org.hibernate.dialect.H2Dialect
2025-08-01 00:05:22,013 [INFO] org.hibernate.engine.transaction.jta.platform.internal.JtaPlatformInitiator [main] HHH000490: Using JtaPlatform implementation: [org.hibernate.engine.transaction.jta.platform.internal.NoJtaPlatform]
2025-08-01 00:05:22,033 [INFO] org.springframework.orm.jpa.LocalContainerEntityManagerFactoryBean [main] Initialized JPA EntityManagerFactory for persistence unit 'default'
2025-08-01 00:05:23,761 [WARN] org.springframework.boot.autoconfigure.orm.jpa.JpaBaseConfiguration$JpaWebConfiguration [main] spring.jpa.open-in-view is enabled by default. Therefore, database queries may be performed during view rendering. Explicitly configure spring.jpa.open-in-view to disable this warning
2025-08-01 00:05:25,337 [INFO] org.springframework.security.web.DefaultSecurityFilterChain [main] Will secure any request with [org.springframework.security.web.session.DisableEncodeUrlFilter@30cb489a, org.springframework.security.web.context.request.async.WebAsyncManagerIntegrationFilter@401d83ce, org.springframework.security.web.context.SecurityContextHolderFilter@6c569caf, org.springframework.security.web.header.HeaderWriterFilter@4e93d23e, org.springframework.security.web.authentication.logout.LogoutFilter@7c9c7e7d, org.springframework.security.oauth2.server.resource.web.authentication.BearerTokenAuthenticationFilter@65a3d7c9, org.springframework.security.web.savedrequest.RequestCacheAwareFilter@5f6ba085, org.springframework.security.web.servletapi.SecurityContextHolderAwareRequestFilter@22f0e329, org.springframework.security.web.authentication.AnonymousAuthenticationFilter@3b7b099b, org.springframework.security.web.session.SessionManagementFilter@6484364f, org.springframework.security.web.access.ExceptionTranslationFilter@3733b1f4, org.springframework.security.web.access.intercept.AuthorizationFilter@8961e55]
2025-08-01 00:05:25,747 [INFO] org.springframework.boot.web.embedded.tomcat.TomcatWebServer [main] Tomcat started on port(s): 8080 (http) with context path ''
2025-08-01 00:05:25,764 [INFO] org.practice.SpringRestdemo.SpringRestdemoApplication [main] Started SpringRestdemoApplication in 10.34 seconds (process running for 10.835)
2025-08-01 00:05:36,258 [INFO] org.apache.catalina.core.ContainerBase.[Tomcat].[localhost].[/] [http-nio-8080-exec-1] Initializing Spring DispatcherServlet 'dispatcherServlet'
2025-08-01 00:05:36,258 [INFO] org.springframework.web.servlet.DispatcherServlet [http-nio-8080-exec-1] Initializing Servlet 'dispatcherServlet'
2025-08-01 00:05:36,262 [INFO] org.springframework.web.servlet.DispatcherServlet [http-nio-8080-exec-1] Completed initialization in 4 ms
2025-08-01 00:05:37,841 [INFO] org.springdoc.api.AbstractOpenApiResource [http-nio-8080-exec-9] Init duration for springdoc-openapi is: 1086 ms
